<?xml version="1.0" encoding="UTF-8"?>
<testsuite xmlns:xsi="http://www.w3.org/2001/XMLSchema-instance" xsi:noNamespaceSchemaLocation="https://maven.apache.org/surefire/maven-surefire-plugin/xsd/surefire-test-report-3.0.xsd" version="3.0" name="com.mathquest.demo.DemoApplicationTests" time="18.101" tests="1" errors="0" skipped="0" failures="0">
  <properties>
[...]
</properties>
  <testcase name="contextLoads" classname="com.mathquest.demo.DemoApplicationTests" time="0.777">
    <system-out><![CDATA[21:22:57.139 [main] INFO org.springframework.test.context.support.AnnotationConfigContextLoaderUtils -- Could not detect default configuration classes for test class [com.mathquest.demo.DemoApplicationTests]: DemoApplicationTests does not declare any static, non-private, non-final, nested classes annotated with @Configuration.
21:22:57.411 [main] INFO org.springframework.boot.test.context.SpringBootTestContextBootstrapper -- Found @SpringBootConfiguration com.mathquest.demo.DemoApplication for test class com.mathquest.demo.DemoApplicationTests
21:22:57.784 [main] INFO org.springframework.boot.devtools.restart.RestartApplicationListener -- Restart disabled due to context in which it is running

  .   ____          _            __ _ _
 /\\ / ___'_ __ _ _(_)_ __  __ _ \ \ \ \
( ( )\___ | '_ | '_| | '_ \/ _` | \ \ \ \
 \\/  ___)| |_)| | | | | || (_| |  ) ) ) )
  '  |____| .__|_| |_|_| |_\__, | / / / /
 =========|_|==============|___/=/_/_/_/
 :: Spring Boot ::                (v3.2.3)

2025-07-08T21:22:58.301+08:00  WARN 19200 --- [mathquest] [           main] ory$DuplicateJsonObjectContextCustomizer : 

Found multiple occurrences of org.json.JSONObject on the class path:

	jar:file:/C:/Users/Asus/.m2/repository/com/vaadin/external/google/android-json/0.0.20131108.vaadin1/android-json-0.0.20131108.vaadin1.jar!/org/json/JSONObject.class
	jar:file:/C:/Users/Asus/.m2/repository/org/json/json/20231013/json-20231013.jar!/org/json/JSONObject.class

You may wish to exclude one of them to ensure predictable runtime behavior

2025-07-08T21:22:58.338+08:00  INFO 19200 --- [mathquest] [           main] c.mathquest.demo.DemoApplicationTests    : Starting DemoApplicationTests using Java 19 with PID 19200 (started by Asus in D:\Freelance\MathQuest\demo\demo)
2025-07-08T21:22:58.343+08:00  INFO 19200 --- [mathquest] [           main] c.mathquest.demo.DemoApplicationTests    : No active profile set, falling back to 1 default profile: "default"
2025-07-08T21:22:58.402+08:00 DEBUG 19200 --- [mathquest] [           main] o.s.w.c.s.GenericWebApplicationContext   : Refreshing org.springframework.web.context.support.GenericWebApplicationContext@47d93e0d
2025-07-08T21:23:00.222+08:00  INFO 19200 --- [mathquest] [           main] .s.d.r.c.RepositoryConfigurationDelegate : Bootstrapping Spring Data JPA repositories in DEFAULT mode.
2025-07-08T21:23:00.477+08:00  INFO 19200 --- [mathquest] [           main] .s.d.r.c.RepositoryConfigurationDelegate : Finished Spring Data repository scanning in 244 ms. Found 18 JPA repository interfaces.
2025-07-08T21:23:02.284+08:00  INFO 19200 --- [mathquest] [           main] o.hibernate.jpa.internal.util.LogHelper  : HHH000204: Processing PersistenceUnitInfo [name: default]
2025-07-08T21:23:02.866+08:00  INFO 19200 --- [mathquest] [           main] org.hibernate.Version                    : HHH000412: Hibernate ORM core version 6.4.4.Final
2025-07-08T21:23:02.979+08:00  INFO 19200 --- [mathquest] [           main] o.h.c.internal.RegionFactoryInitiator    : HHH000026: Second-level cache disabled
2025-07-08T21:23:03.598+08:00  INFO 19200 --- [mathquest] [           main] o.s.o.j.p.SpringPersistenceUnitInfo      : No LoadTimeWeaver setup: ignoring JPA class transformer
2025-07-08T21:23:03.644+08:00  INFO 19200 --- [mathquest] [           main] com.zaxxer.hikari.HikariDataSource       : HikariPool-1 - Starting...
2025-07-08T21:23:04.189+08:00  INFO 19200 --- [mathquest] [           main] com.zaxxer.hikari.pool.HikariPool        : HikariPool-1 - Added connection com.mysql.cj.jdbc.ConnectionImpl@7d8f2eec
2025-07-08T21:23:04.193+08:00  INFO 19200 --- [mathquest] [           main] com.zaxxer.hikari.HikariDataSource       : HikariPool-1 - Start completed.
2025-07-08T21:23:04.296+08:00  WARN 19200 --- [mathquest] [           main] org.hibernate.orm.deprecation            : HHH90000025: MySQLDialect does not need to be specified explicitly using 'hibernate.dialect' (remove the property setting and it will be selected by default)
2025-07-08T21:23:06.877+08:00  INFO 19200 --- [mathquest] [           main] o.h.e.t.j.p.i.JtaPlatformInitiator       : HHH000489: No JTA platform available (set 'hibernate.transaction.jta.platform' to enable JTA platform integration)
2025-07-08T21:23:07.286+08:00  INFO 19200 --- [mathquest] [           main] j.LocalContainerEntityManagerFactoryBean : Initialized JPA EntityManagerFactory for persistence unit 'default'
2025-07-08T21:23:08.329+08:00  INFO 19200 --- [mathquest] [           main] o.s.d.j.r.query.QueryEnhancerFactory     : Hibernate is in classpath; If applicable, HQL parser will be used.
2025-07-08T21:23:11.720+08:00  INFO 19200 --- [mathquest] [           main] c.m.demo.Service.LeaderboardService      : Updating final scores for all leaderboard entries
Hibernate: 
    select
        le1_0.id,
        le1_0.attempts,
        le1_0.best_attempt_number,
        le1_0.classroom_id,
        le1_0.created_at,
        le1_0.fastest_time_seconds,
        le1_0.final_score,
        le1_0.highest_score,
        le1_0.quiz_id,
        le1_0.entry_rank,
        le1_0.user_id,
        le1_0.total_quizzes_completed,
        le1_0.total_scores,
        le1_0.updated_at 
    from
        leaderboard_entries le1_0
Hibernate: 
    select
        le1_0.id,
        le1_0.attempts,
        le1_0.best_attempt_number,
        le1_0.classroom_id,
        le1_0.created_at,
        le1_0.fastest_time_seconds,
        le1_0.final_score,
        le1_0.highest_score,
        le1_0.quiz_id,
        le1_0.entry_rank,
        le1_0.user_id,
        le1_0.total_quizzes_completed,
        le1_0.total_scores,
        le1_0.updated_at 
    from
        leaderboard_entries le1_0 
    where
        le1_0.id=?
Hibernate: 
    select
        le1_0.id,
        le1_0.attempts,
        le1_0.best_attempt_number,
        le1_0.classroom_id,
        le1_0.created_at,
        le1_0.fastest_time_seconds,
        le1_0.final_score,
        le1_0.highest_score,
        le1_0.quiz_id,
        le1_0.entry_rank,
        le1_0.user_id,
        le1_0.total_quizzes_completed,
        le1_0.total_scores,
        le1_0.updated_at 
    from
        leaderboard_entries le1_0 
    where
        le1_0.id=?
2025-07-08T21:23:12.043+08:00  INFO 19200 --- [mathquest] [           main] c.m.demo.Service.LeaderboardService      : Successfully updated final scores for 2 entries
2025-07-08T21:23:12.178+08:00  WARN 19200 --- [mathquest] [           main] JpaBaseConfiguration$JpaWebConfiguration : spring.jpa.open-in-view is enabled by default. Therefore, database queries may be performed during view rendering. Explicitly configure spring.jpa.open-in-view to disable this warning
2025-07-08T21:23:12.576+08:00 DEBUG 19200 --- [mathquest] [           main] s.w.s.m.m.a.RequestMappingHandlerMapping : 125 mappings in 'requestMappingHandlerMapping'
2025-07-08T21:23:12.796+08:00 DEBUG 19200 --- [mathquest] [           main] o.s.w.s.handler.SimpleUrlHandlerMapping  : Patterns [/webjars/**, /**] in 'resourceHandlerMapping'
2025-07-08T21:23:12.877+08:00  INFO 19200 --- [mathquest] [           main] o.s.s.web.DefaultSecurityFilterChain     : Will secure any request with [org.springframework.security.web.session.DisableEncodeUrlFilter@2b0bd16b, org.springframework.security.web.context.request.async.WebAsyncManagerIntegrationFilter@71ddaf54, org.springframework.security.web.context.SecurityContextHolderFilter@7e06727f, org.springframework.security.web.header.HeaderWriterFilter@187a5b38, org.springframework.web.filter.CorsFilter@3861652e, org.springframework.web.filter.CorsFilter@5ccc3cce, org.springframework.security.web.authentication.logout.LogoutFilter@5785b1b7, com.mathquest.demo.Security.jwt.AuthTokenFilter@288f3ac6, org.springframework.security.web.savedrequest.RequestCacheAwareFilter@d431f83, org.springframework.security.web.servletapi.SecurityContextHolderAwareRequestFilter@251dd78f, org.springframework.security.web.authentication.AnonymousAuthenticationFilter@29b93eb5, org.springframework.security.web.session.SessionManagementFilter@53506644, org.springframework.security.web.access.ExceptionTranslationFilter@124e5ce1, org.springframework.security.web.access.intercept.AuthorizationFilter@7775af39]
2025-07-08T21:23:13.215+08:00 DEBUG 19200 --- [mathquest] [           main] s.w.s.m.m.a.RequestMappingHandlerAdapter : ControllerAdvice beans: 0 @ModelAttribute, 0 @InitBinder, 1 RequestBodyAdvice, 1 ResponseBodyAdvice
2025-07-08T21:23:13.284+08:00 DEBUG 19200 --- [mathquest] [           main] .m.m.a.ExceptionHandlerExceptionResolver : ControllerAdvice beans: 1 @ExceptionHandler, 1 ResponseBodyAdvice
2025-07-08T21:23:13.815+08:00  INFO 19200 --- [mathquest] [           main] c.mathquest.demo.DemoApplicationTests    : Started DemoApplicationTests in 16.055 seconds (process running for 18.697)
Hibernate: 
    select
        count(*) 
    from
        roles r1_0 
    where
        r1_0.id=?
Hibernate: 
    select
        count(*) 
    from
        roles r1_0 
    where
        r1_0.id=?
Hibernate: 
    select
        count(*) 
    from
        roles r1_0 
    where
        r1_0.id=?
]]></system-out>
  </testcase>
</testsuite>